#
# There is insufficient memory for the Java Runtime Environment to continue.
# Native memory allocation (mmap) failed to map 1073741824 bytes for G1 virtual space
# Possible reasons:
#   The system is out of physical RAM or swap space
#   The process is running with CompressedOops enabled, and the Java Heap may be blocking the growth of the native heap
# Possible solutions:
#   Reduce memory load on the system
#   Increase physical memory or swap space
#   Check if swap backing store is full
#   Decrease Java heap size (-Xmx/-Xms)
#   Decrease number of Java threads
#   Decrease Java thread stack sizes (-Xss)
#   Set larger code cache with -XX:ReservedCodeCacheSize=
#   JVM is running with Zero Based Compressed Oops mode in which the Java heap is
#     placed in the first 32GB address space. The Java Heap base address is the
#     maximum limit for the native heap growth. Please use -XX:HeapBaseMinAddress
#     to set the Java Heap base and to place the Java Heap above 32GB virtual address.
# This output file may be truncated or incomplete.
#
#  Out of Memory Error (os_windows.cpp:3466), pid=20068, tid=14624
#
# JRE version:  (16.0.2+7) (build )
# Java VM: OpenJDK 64-Bit Server VM (16.0.2+7, mixed mode, sharing, tiered, compressed oops, compressed class ptrs, g1 gc, windows-amd64)
# No core dump will be written. Minidumps are not enabled by default on client versions of Windows
#

---------------  S U M M A R Y ------------

Command Line: -javaagent:C:\Program Files\JetBrains\IntelliJ IDEA Community Edition 2021.3.2\lib\idea_rt.jar=11846:C:\Program Files\JetBrains\IntelliJ IDEA Community Edition 2021.3.2\bin -Dfile.encoding=UTF-8 bank.demo.dto.services.Main

Host: Intel(R) Core(TM) i7-10700KF CPU @ 3.80GHz, 16 cores, 63G,  Windows 10 , 64 bit Build 19041 (10.0.19041.1466)
Time: Tue Mar 29 19:03:24 2022  Windows 10 , 64 bit Build 19041 (10.0.19041.1466) elapsed time: 0.031167 seconds (0d 0h 0m 0s)

---------------  T H R E A D  ---------------

Current thread (0x000001d62172ca00):  JavaThread "Unknown thread" [_thread_in_vm, id=14624, stack(0x000000bf72d00000,0x000000bf72e00000)]

Stack: [0x000000bf72d00000,0x000000bf72e00000]
Native frames: (J=compiled Java code, j=interpreted, Vv=VM code, C=native code)
V  [jvm.dll+0x647e0a]
V  [jvm.dll+0x7f0549]
V  [jvm.dll+0x7f1cfe]
V  [jvm.dll+0x7f2343]
V  [jvm.dll+0x23dd88]
V  [jvm.dll+0x644b4a]
V  [jvm.dll+0x639795]
V  [jvm.dll+0x2f66f9]
V  [jvm.dll+0x2fd516]
V  [jvm.dll+0x34999a]
V  [jvm.dll+0x349bdf]
V  [jvm.dll+0x2cc918]
V  [jvm.dll+0x2cdb49]
V  [jvm.dll+0x7c4431]
V  [jvm.dll+0x356ee1]
V  [jvm.dll+0x7a30b0]
V  [jvm.dll+0x3d4c55]
V  [jvm.dll+0x3d69f1]
C  [jli.dll+0x5243]
C  [ucrtbase.dll+0x21bb2]
C  [KERNEL32.DLL+0x17034]
C  [ntdll.dll+0x52651]


---------------  P R O C E S S  ---------------

Threads class SMR info:
_java_thread_list=0x00007ffe4dbc73d8, length=0, elements={
}

Java Threads: ( => current thread )

Other Threads:
  0x000001d6215aa810 GCTaskThread "GC Thread#0" [stack: 0x000000bf72e00000,0x000000bf72f00000] [id=25412]
  0x000001d6215ab820 ConcurrentGCThread "G1 Main Marker" [stack: 0x000000bf72f00000,0x000000bf73000000] [id=26396]
  0x000001d6215ac290 ConcurrentGCThread "G1 Conc#0" [stack: 0x000000bf73000000,0x000000bf73100000] [id=17760]

[error occurred during error reporting (printing all threads), id 0xc0000005, EXCEPTION_ACCESS_VIOLATION (0xc0000005) at pc=0x00007ffe4d33e207]

VM state: not at safepoint (not fully initialized)

VM Mutex/Monitor currently owned by a thread:  ([mutex/lock_event])
[0x000001d621728f50] Heap_lock - owner thread: 0x000001d62172ca00

Heap address: 0x0000000402000000, size: 16352 MB, Compressed Oops mode: Zero based, Oop shift amount: 3

CDS archive(s) mapped at: [0x0000000000000000-0x0000000000000000-0x0000000000000000), size 0, SharedBaseAddress: 0x0000000800000000, ArchiveRelocationMode: 0.
Narrow klass base: 0x0000000000000000, Narrow klass shift: 0, Narrow klass range: 0x0

GC Precious Log:
<Empty>

Heap:
 garbage-first heap   total 0K, used 0K [0x0000000402000000, 0x0000000800000000)
  region size 8192K, 0 young (0K), 0 survivors (0K)

[error occurred during error reporting (printing heap information), id 0xc0000005, EXCEPTION_ACCESS_VIOLATION (0xc0000005) at pc=0x00007ffe4d6fff7d]

GC Heap History (0 events):
No events

Deoptimization events (0 events):
No events

Classes unloaded (0 events):
No events

Classes redefined (0 events):
No events

Internal exceptions (0 events):
No events

Events (1 events):
Event: 0.007 Loaded shared library C:\Users\Sorano\.jdks\corretto-16.0.2\bin\java.dll


Dynamic libraries:
0x00007ff7d7c90000 - 0x00007ff7d7c9d000 	C:\Users\Sorano\.jdks\corretto-16.0.2\bin\java.exe
0x00007ffeb3630000 - 0x00007ffeb3825000 	C:\Windows\SYSTEM32\ntdll.dll
0x00007ffeb29f0000 - 0x00007ffeb2aae000 	C:\Windows\System32\KERNEL32.DLL
0x00007ffeb11b0000 - 0x00007ffeb1478000 	C:\Windows\System32\KERNELBASE.dll
0x00007ffeb0d40000 - 0x00007ffeb0e40000 	C:\Windows\System32\ucrtbase.dll
0x00007ffe9d590000 - 0x00007ffe9d5a5000 	C:\Users\Sorano\.jdks\corretto-16.0.2\bin\VCRUNTIME140.dll
0x00007ffe9d5b0000 - 0x00007ffe9d5c8000 	C:\Users\Sorano\.jdks\corretto-16.0.2\bin\jli.dll
0x00007ffe9c420000 - 0x00007ffe9c6ba000 	C:\Windows\WinSxS\amd64_microsoft.windows.common-controls_6595b64144ccf1df_6.0.19041.1110_none_60b5254171f9507e\COMCTL32.dll
0x00007ffeb1dc0000 - 0x00007ffeb1e5e000 	C:\Windows\System32\msvcrt.dll
0x00007ffeb2180000 - 0x00007ffeb21ab000 	C:\Windows\System32\GDI32.dll
0x00007ffeb3120000 - 0x00007ffeb32c1000 	C:\Windows\System32\USER32.dll
0x00007ffeb0ea0000 - 0x00007ffeb0ec2000 	C:\Windows\System32\win32u.dll
0x00007ffeb1560000 - 0x00007ffeb166d000 	C:\Windows\System32\gdi32full.dll
0x00007ffeb10c0000 - 0x00007ffeb115d000 	C:\Windows\System32\msvcp_win.dll
0x00007ffeb1e60000 - 0x00007ffeb1e90000 	C:\Windows\System32\IMM32.DLL
0x00007ffe802a0000 - 0x00007ffe8033b000 	C:\Users\Sorano\.jdks\corretto-16.0.2\bin\msvcp140.dll
0x00007ffe4d060000 - 0x00007ffe4dc69000 	C:\Users\Sorano\.jdks\corretto-16.0.2\bin\server\jvm.dll
0x00007ffeb2f60000 - 0x00007ffeb300e000 	C:\Windows\System32\ADVAPI32.dll
0x00007ffeb32d0000 - 0x00007ffeb336c000 	C:\Windows\System32\sechost.dll
0x00007ffeb2220000 - 0x00007ffeb2345000 	C:\Windows\System32\RPCRT4.dll
0x00007ffeb2ab0000 - 0x00007ffeb2ab8000 	C:\Windows\System32\PSAPI.DLL
0x00007ffe9eb40000 - 0x00007ffe9eb49000 	C:\Windows\SYSTEM32\WSOCK32.dll
0x00007ffeaae20000 - 0x00007ffeaae2a000 	C:\Windows\SYSTEM32\VERSION.dll
0x00007ffeb21b0000 - 0x00007ffeb221b000 	C:\Windows\System32\WS2_32.dll
0x00007ffea9ad0000 - 0x00007ffea9af7000 	C:\Windows\SYSTEM32\WINMM.dll
0x00007ffeaec10000 - 0x00007ffeaec22000 	C:\Windows\SYSTEM32\kernel.appcore.dll
0x00007ffe99420000 - 0x00007ffe9942a000 	C:\Users\Sorano\.jdks\corretto-16.0.2\bin\jimage.dll
0x00007ffe9ebb0000 - 0x00007ffe9ed94000 	C:\Windows\SYSTEM32\DBGHELP.DLL
0x00007ffe98a20000 - 0x00007ffe98a4c000 	C:\Windows\SYSTEM32\dbgcore.DLL
0x00007ffeb0ed0000 - 0x00007ffeb0f52000 	C:\Windows\System32\bcryptPrimitives.dll
0x00007ffe993e0000 - 0x00007ffe993ee000 	C:\Users\Sorano\.jdks\corretto-16.0.2\bin\instrument.dll
0x00007ffe993f0000 - 0x00007ffe99415000 	C:\Users\Sorano\.jdks\corretto-16.0.2\bin\java.dll

dbghelp: loaded successfully - version: 4.0.5 - missing functions: none
symbol engine: initialized successfully - sym options: 0x614 - pdb path: .;C:\Users\Sorano\.jdks\corretto-16.0.2\bin;C:\Windows\SYSTEM32;C:\Windows\WinSxS\amd64_microsoft.windows.common-controls_6595b64144ccf1df_6.0.19041.1110_none_60b5254171f9507e;C:\Users\Sorano\.jdks\corretto-16.0.2\bin\server

VM Arguments:
jvm_args: -javaagent:C:\Program Files\JetBrains\IntelliJ IDEA Community Edition 2021.3.2\lib\idea_rt.jar=11846:C:\Program Files\JetBrains\IntelliJ IDEA Community Edition 2021.3.2\bin -Dfile.encoding=UTF-8 
java_command: bank.demo.dto.services.Main
java_class_path (initial): C:\Users\Sorano\IdeaProjects\bank_one\out\production\classes;C:\Users\Sorano\.gradle\caches\modules-2\files-2.1\org.springframework\spring-context\5.3.16\efb9c749b335bf62dc07c1674e9d76d382a027e5\spring-context-5.3.16.jar;C:\Users\Sorano\.gradle\caches\modules-2\files-2.1\org.springframework\spring-jdbc\5.3.16\456645153d6a5ed62b3d27750ee1b3c34b460b71\spring-jdbc-5.3.16.jar;C:\Users\Sorano\.gradle\caches\modules-2\files-2.1\mysql\mysql-connector-java\8.0.28\33678b1729d4f832b9e4bcb2d5bbd67940920a7a\mysql-connector-java-8.0.28.jar;C:\Users\Sorano\.gradle\caches\modules-2\files-2.1\org.apache.commons\commons-dbcp2\2.9.0\16d808749cf3dac900c073dd834b5e288562a59c\commons-dbcp2-2.9.0.jar;C:\Users\Sorano\.gradle\caches\modules-2\files-2.1\org.springframework\spring-aop\5.3.16\d61c0545e0395de608be52db1cccb60ba841a26b\spring-aop-5.3.16.jar;C:\Users\Sorano\.gradle\caches\modules-2\files-2.1\org.springframework\spring-beans\5.3.16\15decec5cea7a91423272daaae6f5d050c23cf3b\spring-beans-5.3.16.jar;C:\Users\Sorano\.gradle\caches\modules-2\files-2.1\org.springframework\spring-expression\5.3.16\831a17ce70686c571f3c05c4bcfb81012c5814df\spring-expression-5.3.16.jar;C:\Users\Sorano\.gradle\caches\modules-2\files-2.1\org.springframework\spring-core\5.3.16\db1b277cd548c725144580dda8703ce179fb3769\spring-core-5.3.16.jar;C:\Users\Sorano\.gradle\caches\modules-2\files-2.1\org.springframework\spring-tx\5.3.16\ae9be43379f2967e015ace189d47728a99f18220\spring-tx-5.3.16.jar;C:\Users\Sorano\.gradle\caches\modules-2\files-2.1\com.google.protobuf\protobuf-java\3.11.4\7ec0925cc3aef0335bbc7d57edfd42b0f86f8267\protobuf-java-3.11.4.jar;C:\Users\Sorano\.gradle\caches\modules-2\files-2.1\org.apache.commons\commons-pool2\2.10.0\dd571e1d24e3994ec2b8c45f08ca43eed11f2c0d\commons-pool2-2.10.0.jar;C:\Users\Sorano\.gradle\caches\modules-2\files-2.1\commons-logging\commons-logging\1.2\4bfc12adfe4842bf07b657f0369c4cb522955686\commons-logging-1.2.jar;C:\Users\Sorano\.gradle\caches\modules
Launcher Type: SUN_STANDARD

[Global flags]
     intx CICompilerCount                          = 12                                        {product} {ergonomic}
     uint ConcGCThreads                            = 3                                         {product} {ergonomic}
     uint G1ConcRefinementThreads                  = 13                                        {product} {ergonomic}
   size_t G1HeapRegionSize                         = 8388608                                   {product} {ergonomic}
    uintx GCDrainStackTargetSize                   = 64                                        {product} {ergonomic}
   size_t InitialHeapSize                          = 1073741824                                {product} {ergonomic}
   size_t MarkStackSize                            = 4194304                                   {product} {ergonomic}
   size_t MaxHeapSize                              = 17146314752                               {product} {ergonomic}
   size_t MinHeapDeltaBytes                        = 8388608                                   {product} {ergonomic}
   size_t MinHeapSize                              = 8388608                                   {product} {ergonomic}
    uintx NonNMethodCodeHeapSize                   = 7602480                                {pd product} {ergonomic}
    uintx NonProfiledCodeHeapSize                  = 122027880                              {pd product} {ergonomic}
    uintx ProfiledCodeHeapSize                     = 122027880                              {pd product} {ergonomic}
    uintx ReservedCodeCacheSize                    = 251658240                              {pd product} {ergonomic}
     bool SegmentedCodeCache                       = true                                      {product} {ergonomic}
   size_t SoftMaxHeapSize                          = 17146314752                            {manageable} {ergonomic}
     bool UseCompressedClassPointers               = true                           {product lp64_product} {ergonomic}
     bool UseCompressedOops                        = true                           {product lp64_product} {ergonomic}
     bool UseG1GC                                  = true                                      {product} {ergonomic}
     bool UseLargePagesIndividualAllocation        = false                                  {pd product} {ergonomic}

Logging:
Log output configuration:
 #0: stdout all=warning uptime,level,tags
 #1: stderr all=off uptime,level,tags

Environment Variables:
PATH=C:\Python310\Scripts\;C:\Python310\;C:\Program Files\Common Files\Oracle\Java\javapath;C:\Program Files (x86)\Common Files\Oracle\Java\javapath;C:\Windows\system32;C:\Windows;C:\Windows\System32\Wbem;C:\Windows\System32\WindowsPowerShell\v1.0\;C:\Windows\System32\OpenSSH\;C:\Program Files (x86)\NVIDIA Corporation\PhysX\Common;C:\Program Files\NVIDIA Corporation\NVIDIA NvDLISR;C:\Program Files\Git\cmd;C:\Program Files\Java\jdk-16.0.2\bin;;C:\Program Files\Docker\Docker\resources\bin;C:\ProgramData\DockerDesktop\version-bin;C:\Program Files\WireGuard\;C:\Program Files\nodejs\;C:\ProgramData\chocolatey\bin;C:\Program Files\MySQL\MySQL Shell 8.0\bin\;C:\Users\Sorano\AppData\Local\Microsoft\WindowsApps;C:\Program Files\JetBrains\IntelliJ IDEA 2021.3.2\bin;C:\Program Files\Java\jdk-17.0.2\bin;C:\Users\Sorano\AppData\Local\atom\bin;C:\Users\Sorano\AppData\Roaming\npm
USERNAME=Sorano
OS=Windows_NT
PROCESSOR_IDENTIFIER=Intel64 Family 6 Model 165 Stepping 5, GenuineIntel



---------------  S Y S T E M  ---------------

OS:
 Windows 10 , 64 bit Build 19041 (10.0.19041.1466)
OS uptime: 4 days 18:32 hours
Hyper-V role detected

CPU: total 16 (initial active 16) (8 cores per cpu, 2 threads per core) family 6 model 165 stepping 5 microcode 0xe2, cx8, cmov, fxsr, ht, mmx, 3dnowpref, sse, sse2, sse3, ssse3, sse4.1, sse4.2, popcnt, lzcnt, tsc, tscinvbit, avx, avx2, aes, erms, clmul, bmi1, bmi2, adx, fma, vzeroupper, clflush, clflushopt, hv

Memory: 4k page, system-wide physical 65405M (28010M free)
TotalPageFile size 95135M (AvailPageFile size 722M)
current process WorkingSet (physical memory assigned to process): 10M, peak: 10M
current process commit charge ("private bytes"): 71M, peak: 1094M

vm_info: OpenJDK 64-Bit Server VM (16.0.2+7) for windows-amd64 JRE (16.0.2+7), built on Jul 22 2021 01:11:46 by "Administrator" with MS VC++ 15.9 (VS2017)

END.
